<?xml version="1.0" encoding="UTF-8"?>
<!-- Generated by org.testng.reporters.JUnitReportReporter -->
<testsuite skipped="0" hostname="A019LGDL" name="TestCases.TestCase2" tests="1" failures="0" timestamp="17 Nov 2017 02:15:54 GMT" time="5.931" errors="0">
  <testcase name="tc2" time="5.931" classname="TestCases.TestCase2"/>
</testsuite> <!-- TestCases.TestCase2 -->
