<?xml version="1.0" encoding="UTF-8"?>
<!-- Generated by org.testng.reporters.JUnitReportReporter -->
<testsuite skipped="0" hostname="A019LGDL" name="TestCases.TestCase1" tests="1" failures="0" timestamp="17 Nov 2017 00:58:36 GMT" time="3.111" errors="0">
  <testcase name="tc1" time="3.111" classname="TestCases.TestCase1"/>
</testsuite> <!-- TestCases.TestCase1 -->
